[debug] [2022-05-22T11:59:04.530Z] ----------------------------------------------------------------------
[debug] [2022-05-22T11:59:04.532Z] Command:       C:\Program Files\nodejs\node.exe C:\Users\farha\AppData\Roaming\npm\node_modules\firebase-tools\lib\bin\firebase.js init
[debug] [2022-05-22T11:59:04.533Z] CLI Version:   11.0.0
[debug] [2022-05-22T11:59:04.533Z] Platform:      win32
[debug] [2022-05-22T11:59:04.533Z] Node Version:  v16.13.2
[debug] [2022-05-22T11:59:04.534Z] Time:          Sun May 22 2022 17:59:04 GMT+0600 (Bangladesh Standard Time)
[debug] [2022-05-22T11:59:04.534Z] ----------------------------------------------------------------------
[debug] 
[debug] [2022-05-22T11:59:04.608Z] > command requires scopes: ["email","openid","https://www.googleapis.com/auth/cloudplatformprojects.readonly","https://www.googleapis.com/auth/firebase","https://www.googleapis.com/auth/cloud-platform"]
[debug] [2022-05-22T11:59:04.609Z] > authorizing via signed-in user (farhanfaruk221@gmail.com)
[info] 
     ######## #### ########  ######## ########     ###     ######  ########
     ##        ##  ##     ## ##       ##     ##  ##   ##  ##       ##
     ######    ##  ########  ######   ########  #########  ######  ######
     ##        ##  ##    ##  ##       ##     ## ##     ##       ## ##
     ##       #### ##     ## ######## ########  ##     ##  ######  ########

You're about to initialize a Firebase project in this directory:

  G:\Assignments\the-macanical-shop

Before we get started, keep in mind:

  * You are initializing within an existing Firebase project directory

